[2024-10-24, 17:51:33] dig MX gmail.com

; <<>> DiG 9.18.16-1~deb12u1-Debian <<>> MX gmail.com
;; global options: +cmd
;; Got answer:
;; ->>HEADER<<- opcode: QUERY, status: NOERROR, id: 53822
;; flags: qr rd ra; QUERY: 1, ANSWER: 5, AUTHORITY: 0, ADDITIONAL: 1

;; OPT PSEUDOSECTION:
; EDNS: version: 0, flags:; udp: 1232
; COOKIE: 6936ade733d2c33201000000671a6d06ffeebb2a8c2b20b6 (good)
;; QUESTION SECTION:
;gmail.com.			IN	MX

;; ANSWER SECTION:
gmail.com.		2241	IN	MX	5 gmail-smtp-in.l.google.com.
gmail.com.		2241	IN	MX	40 alt4.gmail-smtp-in.l.google.com.
gmail.com.		2241	IN	MX	30 alt3.gmail-smtp-in.l.google.com.
gmail.com.		2241	IN	MX	10 alt1.gmail-smtp-in.l.google.com.
gmail.com.		2241	IN	MX	20 alt2.gmail-smtp-in.l.google.com.

;; Query time: 0 msec
;; SERVER: 163.117.144.129#53(163.117.144.129) (UDP)
;; WHEN: Thu Oct 24 17:51:33 CEST 2024
;; MSG SIZE  rcvd: 192

