[2024-10-24, 18:06:09] dig NS it.uc3m.es

; <<>> DiG 9.18.16-1~deb12u1-Debian <<>> NS it.uc3m.es
;; global options: +cmd
;; Got answer:
;; ->>HEADER<<- opcode: QUERY, status: NOERROR, id: 51995
;; flags: qr aa rd ra; QUERY: 1, ANSWER: 3, AUTHORITY: 0, ADDITIONAL: 5

;; OPT PSEUDOSECTION:
; EDNS: version: 0, flags:; udp: 1232
; COOKIE: 9546d33b3c8f24d601000000671a70718f03b0337fa7a7ff (good)
;; QUESTION SECTION:
;it.uc3m.es.			IN	NS

;; ANSWER SECTION:
it.uc3m.es.		86400	IN	NS	vorteX.uc3m.es.
it.uc3m.es.		86400	IN	NS	varpa.it.uc3m.es.
it.uc3m.es.		86400	IN	NS	tamtam.it.uc3m.es.

;; ADDITIONAL SECTION:
varpa.it.uc3m.es.	86500	IN	A	163.117.139.253
tamtam.it.uc3m.es.	86500	IN	A	163.117.139.31
vortex.uc3m.es.		76173	IN	A	163.117.131.31
vortex.uc3m.es.		76173	IN	AAAA	2001:720:410:b131::31

;; Query time: 0 msec
;; SERVER: 163.117.144.129#53(163.117.144.129) (UDP)
;; WHEN: Thu Oct 24 18:06:09 CEST 2024
;; MSG SIZE  rcvd: 212

[2024-10-24, 18:07:51] dig SoA it.uc3m.es

; <<>> DiG 9.18.16-1~deb12u1-Debian <<>> SoA it.uc3m.es
;; global options: +cmd
;; Got answer:
;; ->>HEADER<<- opcode: QUERY, status: NOERROR, id: 55570
;; flags: qr aa rd ra; QUERY: 1, ANSWER: 1, AUTHORITY: 0, ADDITIONAL: 1

;; OPT PSEUDOSECTION:
; EDNS: version: 0, flags:; udp: 1232
; COOKIE: a26bfff9adf1ef3a01000000671a70d7f152d72978ce4060 (good)
;; QUESTION SECTION:
;it.uc3m.es.			IN	SOA

;; ANSWER SECTION:
it.uc3m.es.		86400	IN	SOA	tamtam.it.uc3m.es. root.tamtam.it.uc3m.es. 2024101600 7200 3400 604800 600

;; Query time: 0 msec
;; SERVER: 163.117.144.129#53(163.117.144.129) (UDP)
;; WHEN: Thu Oct 24 18:07:51 CEST 2024
;; MSG SIZE  rcvd: 115

[2024-10-24, 18:08:29] dig MX it.uc3m.es

; <<>> DiG 9.18.16-1~deb12u1-Debian <<>> MX it.uc3m.es
;; global options: +cmd
;; Got answer:
;; ->>HEADER<<- opcode: QUERY, status: NOERROR, id: 8903
;; flags: qr aa rd ra; QUERY: 1, ANSWER: 5, AUTHORITY: 0, ADDITIONAL: 1

;; OPT PSEUDOSECTION:
; EDNS: version: 0, flags:; udp: 1232
; COOKIE: ffa8b321fa6c842b01000000671a70fdc38fd314ee6a9b51 (good)
;; QUESTION SECTION:
;it.uc3m.es.			IN	MX

;; ANSWER SECTION:
it.uc3m.es.		86400	IN	MX	30 ASPMX3.GOOGLEMAIL.COM.
it.uc3m.es.		86400	IN	MX	10 ASPMX.L.GOOGLE.COM.
it.uc3m.es.		86400	IN	MX	20 ALT2.ASPMX.L.GOOGLE.COM.
it.uc3m.es.		86400	IN	MX	20 ALT1.ASPMX.L.GOOGLE.COM.
it.uc3m.es.		86400	IN	MX	30 ASPMX2.GOOGLEMAIL.COM.

;; Query time: 0 msec
;; SERVER: 163.117.144.129#53(163.117.144.129) (UDP)
;; WHEN: Thu Oct 24 18:08:29 CEST 2024
;; MSG SIZE  rcvd: 203

