[2024-11-06, 23:52:04] dig -p 10053 A mail.midominio.privado @localhost

; <<>> DiG 9.18.16-1~deb12u1-Debian <<>> -p 10053 A mail.midominio.privado @localhost
;; global options: +cmd
;; Got answer:
;; ->>HEADER<<- opcode: QUERY, status: NOERROR, id: 55639
;; flags: qr aa rd ra; QUERY: 1, ANSWER: 1, AUTHORITY: 1, ADDITIONAL: 2

;; OPT PSEUDOSECTION:
; EDNS: version: 0, flags:; udp: 4096
;; QUESTION SECTION:
;mail.midominio.privado.		IN	A

;; ANSWER SECTION:
mail.midominio.privado.	86400	IN	A	192.168.122.2

;; AUTHORITY SECTION:
midominio.privado.	86400	IN	NS	ns.midominio.privado.

;; ADDITIONAL SECTION:
ns.midominio.privado.	86400	IN	A	192.168.122.1

;; Query time: 0 msec
;; SERVER: 127.0.0.1#10053(localhost) (UDP)
;; WHEN: Wed Nov 06 23:52:04 CET 2024
;; MSG SIZE  rcvd: 100

