[2024-10-24, 19:18:34] dig -p 10053 PTR 1.123.168.192.in-addr.arpa @localhost

; <<>> DiG 9.18.16-1~deb12u1-Debian <<>> -p 10053 PTR 1.123.168.192.in-addr.arpa @localhost
;; global options: +cmd
;; Got answer:
;; ->>HEADER<<- opcode: QUERY, status: NOERROR, id: 29991
;; flags: qr aa rd ra; QUERY: 1, ANSWER: 1, AUTHORITY: 1, ADDITIONAL: 2

;; OPT PSEUDOSECTION:
; EDNS: version: 0, flags:; udp: 4096
;; QUESTION SECTION:
;1.123.168.192.in-addr.arpa.	IN	PTR

;; ANSWER SECTION:
1.123.168.192.in-addr.arpa. 86400 IN	PTR	ns.midominio.privado.

;; AUTHORITY SECTION:
123.168.192.in-addr.arpa. 86400	IN	NS	ns.midominio.privado.

;; ADDITIONAL SECTION:
ns.midominio.privado.	86400	IN	A	192.168.123.1

;; Query time: 0 msec
;; SERVER: 127.0.0.1#10053(localhost) (UDP)
;; WHEN: Thu Oct 24 19:18:34 CEST 2024
;; MSG SIZE  rcvd: 119

[2024-10-24, 19:18:42] dig -p 10053 PTR 2.123.168.192.in-addr.arpa @localhost

; <<>> DiG 9.18.16-1~deb12u1-Debian <<>> -p 10053 PTR 2.123.168.192.in-addr.arpa @localhost
;; global options: +cmd
;; Got answer:
;; ->>HEADER<<- opcode: QUERY, status: NOERROR, id: 14998
;; flags: qr aa rd ra; QUERY: 1, ANSWER: 1, AUTHORITY: 1, ADDITIONAL: 2

;; OPT PSEUDOSECTION:
; EDNS: version: 0, flags:; udp: 4096
;; QUESTION SECTION:
;2.123.168.192.in-addr.arpa.	IN	PTR

;; ANSWER SECTION:
2.123.168.192.in-addr.arpa. 86400 IN	PTR	mail.midominio.privado.

;; AUTHORITY SECTION:
123.168.192.in-addr.arpa. 86400	IN	NS	ns.midominio.privado.

;; ADDITIONAL SECTION:
ns.midominio.privado.	86400	IN	A	192.168.123.1

;; Query time: 0 msec
;; SERVER: 127.0.0.1#10053(localhost) (UDP)
;; WHEN: Thu Oct 24 19:18:42 CEST 2024
;; MSG SIZE  rcvd: 124

